<?xml version="1.0" encoding="UTF-8"?>
<!-- Generated by org.testng.reporters.JUnitReportReporter -->
<testsuite hostname="LAPTOP-O10P5747" failures="0" tests="3" name="newtestingfeb2.AmazonTest_Priority" time="2.862" errors="0" timestamp="2022-02-02T16:04:59 IST" skipped="0">
  <testcase classname="newtestingfeb2.AmazonTest_Priority" name="verifyAppTitleBeforeSearch" time="0.034"/>
  <system-out/>
  <testcase classname="newtestingfeb2.AmazonTest_Priority" name="searchItems" time="2.818"/>
  <system-out/>
  <testcase classname="newtestingfeb2.AmazonTest_Priority" name="verifyAppTitle" time="0.010"/>
  <system-out/>
</testsuite> <!-- newtestingfeb2.AmazonTest_Priority -->
