<?xml version="1.0" encoding="UTF-8"?>
<!-- Generated by org.testng.reporters.JUnitReportReporter -->
<testsuite hostname="LAPTOP-O10P5747" failures="0" tests="1" name="newtestingfeb2.Amazontesting" time="2.666" errors="0" timestamp="2022-02-02T16:02:39 IST" skipped="0">
  <testcase classname="newtestingfeb2.Amazontesting" name="searchItems" time="2.666"/>
  <system-out/>
</testsuite> <!-- newtestingfeb2.Amazontesting -->
