<?xml version="1.0" encoding="UTF-8"?>
<!-- Generated by org.testng.reporters.JUnitReportReporter -->
<testsuite hostname="LAPTOP-O10P5747" failures="0" tests="1" name="actionExample.DragDropTest" time="0.365" errors="0" timestamp="2022-02-04T12:21:10 IST" skipped="0">
  <testcase classname="actionExample.DragDropTest" name="dragdrop" time="0.365"/>
  <system-out/>
</testsuite> <!-- actionExample.DragDropTest -->
