<?xml version="1.0" encoding="UTF-8"?>
<!-- Generated by org.testng.reporters.JUnitReportReporter -->
<testsuite hostname="LAPTOP-O10P5747" failures="0" tests="1" name="newtestingfeb2.FlipkartTesting" time="5.526" errors="0" timestamp="2022-02-03T22:00:42 IST" skipped="0">
  <testcase classname="newtestingfeb2.FlipkartTesting" name="search" time="5.526"/>
  <system-out/>
</testsuite> <!-- newtestingfeb2.FlipkartTesting -->
