<?xml version="1.0" encoding="UTF-8"?>
<!-- Generated by org.testng.reporters.JUnitReportReporter -->
<testsuite hostname="LAPTOP-O10P5747" failures="0" tests="1" name="hrmlogintest.TestNG" time="11.914" errors="0" timestamp="2022-02-02T13:01:16 IST" skipped="0">
  <testcase classname="hrmlogintest.TestNG" name="TC_01" time="11.914"/>
  <system-out/>
</testsuite> <!-- hrmlogintest.TestNG -->
