<?xml version="1.0" encoding="UTF-8"?>
<!-- Generated by org.testng.reporters.JUnitReportReporter -->
<testsuite hostname="LAPTOP-O10P5747" failures="0" tests="3" name="hierarchyExample.Amazonhierarchy" time="11.132" errors="0" timestamp="2022-02-06T19:50:57 IST" skipped="0">
  <testcase classname="hierarchyExample.Amazonhierarchy" name="launchapp" time="6.155"/>
  <system-out/>
  <testcase classname="hierarchyExample.Amazonhierarchy" name="testHierarchy" time="1.727"/>
  <system-out/>
  <testcase classname="hierarchyExample.Amazonhierarchy" name="closeapp" time="3.250"/>
  <system-out/>
</testsuite> <!-- hierarchyExample.Amazonhierarchy -->
