<?xml version="1.0" encoding="UTF-8"?>
<!-- Generated by org.testng.reporters.JUnitReportReporter -->
<testsuite hostname="LAPTOP-O10P5747" failures="0" tests="1" name="newtestingfeb4.FrameExample" time="3.699" errors="0" timestamp="2022-02-04T11:40:37 IST" skipped="0">
  <testcase classname="newtestingfeb4.FrameExample" name="simpleAlert" time="3.699"/>
  <system-out/>
</testsuite> <!-- newtestingfeb4.FrameExample -->
