<?xml version="1.0" encoding="UTF-8"?>
<!-- Generated by org.testng.reporters.JUnitReportReporter -->
<testsuite hostname="LAPTOP-O10P5747" failures="0" tests="9" name="newtestingfeb3.LoginByReading" time="43.268" errors="0" timestamp="2022-02-03T13:21:51 IST" skipped="0">
  <testcase classname="newtestingfeb3.LoginByReading" name="verifyLogin" time="7.675"/>
  <system-out/>
  <testcase classname="newtestingfeb3.LoginByReading" name="verifyLogin" time="5.351"/>
  <system-out/>
  <testcase classname="newtestingfeb3.LoginByReading" name="verifyLogin" time="5.165"/>
  <system-out/>
  <testcase classname="newtestingfeb3.LoginByReading" name="verifyDashboard" time="0.026"/>
  <system-out/>
  <testcase classname="newtestingfeb3.LoginByReading" name="verifyDashboard" time="0.445"/>
  <system-out/>
  <testcase classname="newtestingfeb3.LoginByReading" name="verifyDashboard" time="0.025"/>
  <system-out/>
  <testcase classname="newtestingfeb3.LoginByReading" name="verifyLogout" time="8.266"/>
  <system-out/>
  <testcase classname="newtestingfeb3.LoginByReading" name="verifyLogout" time="8.187"/>
  <system-out/>
  <testcase classname="newtestingfeb3.LoginByReading" name="verifyLogout" time="8.128"/>
  <system-out/>
</testsuite> <!-- newtestingfeb3.LoginByReading -->
