<?xml version="1.0" encoding="UTF-8"?>
<!-- Generated by org.testng.reporters.JUnitReportReporter -->
<testsuite hostname="LAPTOP-O10P5747" failures="0" tests="9" name="newtestingfeb3.LoginExample" time="47.681" errors="0" timestamp="2022-02-03T13:34:20 IST" skipped="0">
  <testcase classname="newtestingfeb3.LoginExample" name="verifyLogin" time="7.993"/>
  <system-out/>
  <testcase classname="newtestingfeb3.LoginExample" name="verifyLogin" time="5.887"/>
  <system-out/>
  <testcase classname="newtestingfeb3.LoginExample" name="verifyLogin" time="9.039"/>
  <system-out/>
  <testcase classname="newtestingfeb3.LoginExample" name="verifyDashboard" time="0.021"/>
  <system-out/>
  <testcase classname="newtestingfeb3.LoginExample" name="verifyDashboard" time="0.030"/>
  <system-out/>
  <testcase classname="newtestingfeb3.LoginExample" name="verifyDashboard" time="0.026"/>
  <system-out/>
  <testcase classname="newtestingfeb3.LoginExample" name="verifyLogout" time="8.163"/>
  <system-out/>
  <testcase classname="newtestingfeb3.LoginExample" name="verifyLogout" time="8.408"/>
  <system-out/>
  <testcase classname="newtestingfeb3.LoginExample" name="verifyLogout" time="8.114"/>
  <system-out/>
</testsuite> <!-- newtestingfeb3.LoginExample -->
