<?xml version="1.0" encoding="UTF-8"?>
<!-- Generated by org.testng.reporters.JUnitReportReporter -->
<testsuite hostname="LAPTOP-O10P5747" failures="0" tests="1" name="controlExample.ListboxExample" time="5.572" errors="0" timestamp="2022-02-04T14:16:24 IST" skipped="0">
  <testcase classname="controlExample.ListboxExample" name="handleList" time="5.572"/>
  <system-out/>
</testsuite> <!-- controlExample.ListboxExample -->
