<?xml version="1.0" encoding="UTF-8"?>
<!-- Generated by org.testng.reporters.JUnitReportReporter -->
<testsuite hostname="LAPTOP-O10P5747" failures="0" tests="1" name="actionExample.RightClick" time="0.236" errors="0" timestamp="2022-02-04T12:20:51 IST" skipped="0">
  <testcase classname="actionExample.RightClick" name="contextClick" time="0.236"/>
  <system-out/>
</testsuite> <!-- actionExample.RightClick -->
