<?xml version="1.0" encoding="UTF-8"?>
<!-- Generated by org.testng.reporters.JUnitReportReporter -->
<testsuite hostname="LAPTOP-O10P5747" failures="0" tests="1" name="screenshotTaking.AmazonSearch" time="3.739" errors="0" timestamp="2022-02-04T13:33:24 IST" skipped="0">
  <testcase classname="screenshotTaking.AmazonSearch" name="contextClick" time="3.739"/>
  <system-out/>
</testsuite> <!-- screenshotTaking.AmazonSearch -->
