<?xml version="1.0" encoding="UTF-8"?>
<!-- Generated by org.testng.reporters.JUnitReportReporter -->
<testsuite hostname="LAPTOP-O10P5747" failures="0" tests="3" name="datadrivenTestExample.LoginWithInvalidUser" time="19.960" errors="0" timestamp="2022-02-05T10:37:40 IST" skipped="0">
  <testcase classname="datadrivenTestExample.LoginWithInvalidUser" name="verifyLogin" time="6.531"/>
  <system-out/>
  <testcase classname="datadrivenTestExample.LoginWithInvalidUser" name="verifyLogin" time="6.901"/>
  <system-out/>
  <testcase classname="datadrivenTestExample.LoginWithInvalidUser" name="verifyLogin" time="6.528"/>
  <system-out/>
</testsuite> <!-- datadrivenTestExample.LoginWithInvalidUser -->
