<?xml version="1.0" encoding="UTF-8"?>
<!-- Generated by org.testng.reporters.JUnitReportReporter -->
<testsuite hostname="LAPTOP-O10P5747" failures="0" tests="1" name="actionExample.DoubleClick" time="2.545" errors="0" timestamp="2022-02-04T12:20:27 IST" skipped="0">
  <testcase classname="actionExample.DoubleClick" name="contextClick" time="2.545"/>
  <system-out/>
</testsuite> <!-- actionExample.DoubleClick -->
