<?xml version="1.0" encoding="UTF-8"?>
<!-- Generated by org.testng.reporters.JUnitReportReporter -->
<testsuite hostname="LAPTOP-O10P5747" failures="0" tests="1" name="actionExample.DragDropTest" time="0.000" errors="0" timestamp="2022-02-05T10:51:37 IST" skipped="1">
  <testcase classname="actionExample.DragDropTest" name="dragdrop" time="0.000">
    <skipped/>
  </testcase> <!-- dragdrop -->
  <system-out/>
</testsuite> <!-- actionExample.DragDropTest -->
