<?xml version="1.0" encoding="UTF-8"?>
<!-- Generated by org.testng.reporters.JUnitReportReporter -->
<testsuite skipped="1" hostname="LAPTOP-O10P5747" name="newtestingfeb2.Amazontesting" tests="1" failures="0" timestamp="2022-02-07T15:39:03 IST" time="0.000" errors="0">
  <testcase name="searchItems" time="0.000" classname="newtestingfeb2.Amazontesting">
    <skipped/>
  </testcase> <!-- searchItems -->
  <system-out/>
</testsuite> <!-- newtestingfeb2.Amazontesting -->
