<?xml version="1.0" encoding="UTF-8"?>
<!-- Generated by org.testng.reporters.JUnitReportReporter -->
<testsuite hostname="LAPTOP-O10P5747" failures="0" tests="1" name="hrmlogintest.TestNG" time="0.000" errors="0" timestamp="2022-02-05T10:51:37 IST" skipped="1">
  <testcase classname="hrmlogintest.TestNG" name="TC_01" time="0.000">
    <skipped/>
  </testcase> <!-- TC_01 -->
  <system-out/>
</testsuite> <!-- hrmlogintest.TestNG -->
