<?xml version="1.0" encoding="UTF-8"?>
<!-- Generated by org.testng.reporters.JUnitReportReporter -->
<testsuite skipped="3" hostname="LAPTOP-O10P5747" name="newtesting.AmazonTest_Priority" tests="3" failures="0" timestamp="2022-02-07T15:39:03 IST" time="0.000" errors="0">
  <testcase name="verifyAppTitleBeforeSearch" time="0.000" classname="newtesting.AmazonTest_Priority">
    <skipped/>
  </testcase> <!-- verifyAppTitleBeforeSearch -->
  <system-out/>
  <testcase name="searchItems" time="0.000" classname="newtesting.AmazonTest_Priority">
    <skipped/>
  </testcase> <!-- searchItems -->
  <system-out/>
  <testcase name="verifyAppTitle" time="0.000" classname="newtesting.AmazonTest_Priority">
    <skipped/>
  </testcase> <!-- verifyAppTitle -->
  <system-out/>
</testsuite> <!-- newtesting.AmazonTest_Priority -->
